<?xml version="1.0" encoding="UTF-8"?>
<testng-results ignored="0" total="1" passed="1" failed="0" skipped="0">
  <reporter-output>
  </reporter-output>
  <suite started-at="2020-08-27T12:44:41 IST" name="Default suite" finished-at="2020-08-27T12:44:41 IST" duration-ms="65">
    <groups>
    </groups>
    <test started-at="2020-08-27T12:44:41 IST" name="Default test" finished-at="2020-08-27T12:44:41 IST" duration-ms="65">
      <class name="testannotation.testngannotations">
        <test-method is-config="true" signature="beforesuite()[pri:0, instance:testannotation.testngannotations@2aa5fe93]" started-at="2020-08-27T12:44:41 IST" name="beforesuite" finished-at="2020-08-27T12:44:41 IST" duration-ms="136" status="PASS">
          <reporter-output>
          </reporter-output>
        </test-method> <!-- beforesuite -->
        <test-method is-config="true" signature="beforetest()[pri:0, instance:testannotation.testngannotations@2aa5fe93]" started-at="2020-08-27T12:44:41 IST" name="beforetest" finished-at="2020-08-27T12:44:41 IST" duration-ms="1" status="PASS">
          <reporter-output>
          </reporter-output>
        </test-method> <!-- beforetest -->
        <test-method is-config="true" signature="beforedata()[pri:0, instance:testannotation.testngannotations@2aa5fe93]" started-at="2020-08-27T12:44:41 IST" name="beforedata" finished-at="2020-08-27T12:44:41 IST" duration-ms="0" status="PASS">
          <reporter-output>
          </reporter-output>
        </test-method> <!-- beforedata -->
        <test-method is-config="true" signature="beforemethod()[pri:0, instance:testannotation.testngannotations@2aa5fe93]" started-at="2020-08-27T12:44:41 IST" name="beforemethod" finished-at="2020-08-27T12:44:41 IST" duration-ms="1" status="PASS">
          <reporter-output>
          </reporter-output>
        </test-method> <!-- beforemethod -->
        <test-method signature="testdata()[pri:0, instance:testannotation.testngannotations@2aa5fe93]" started-at="2020-08-27T12:44:41 IST" name="testdata" finished-at="2020-08-27T12:44:41 IST" duration-ms="7" status="PASS">
          <reporter-output>
          </reporter-output>
        </test-method> <!-- testdata -->
      </class> <!-- testannotation.testngannotations -->
    </test> <!-- Default test -->
  </suite> <!-- Default suite -->
</testng-results>
